eventApp_Android/android_webview_app/app/build/intermediates/manifest_merge_blame_file/debug/processDebugMainManifest/manifest-merger-blame-debug-report.txt
1<?xml version="1.0" encoding="utf-8"?>
2<manifest xmlns:android="http://schemas.android.com/apk/res/android"
3    package="com.eventapp.webview"
4    android:versionCode="1"
5    android:versionName="1.0" >
6
7    <uses-sdk
8        android:minSdkVersion="24"
9        android:targetSdkVersion="34" />
10
11    <!-- Network permissions -->
12    <uses-permission android:name="android.permission.INTERNET" />
12-->src\main\AndroidManifest.xml:6:5-67
12-->src\main\AndroidManifest.xml:6:22-64
13    <uses-permission android:name="android.permission.ACCESS_NETWORK_STATE" />
13-->src\main\AndroidManifest.xml:7:5-79
13-->src\main\AndroidManifest.xml:7:22-76
14
15    <!-- File access permissions -->
16    <uses-permission android:name="android.permission.READ_EXTERNAL_STORAGE" />
16-->src\main\AndroidManifest.xml:10:5-80
16-->src\main\AndroidManifest.xml:10:22-77
17    <uses-permission
17-->src\main\AndroidManifest.xml:11:5-12:38
18        android:name="android.permission.WRITE_EXTERNAL_STORAGE"
18-->src\main\AndroidManifest.xml:11:22-78
19        android:maxSdkVersion="28" />
19-->src\main\AndroidManifest.xml:12:9-35
20
21    <!-- Camera and media permissions -->
22    <uses-permission android:name="android.permission.CAMERA" />
22-->src\main\AndroidManifest.xml:15:5-65
22-->src\main\AndroidManifest.xml:15:22-62
23    <uses-permission android:name="android.permission.RECORD_AUDIO" />
23-->src\main\AndroidManifest.xml:16:5-71
23-->src\main\AndroidManifest.xml:16:22-68
24
25    <!-- Location permissions -->
26    <uses-permission android:name="android.permission.ACCESS_FINE_LOCATION" />
26-->src\main\AndroidManifest.xml:19:5-79
26-->src\main\AndroidManifest.xml:19:22-76
27    <uses-permission android:name="android.permission.ACCESS_COARSE_LOCATION" />
27-->src\main\AndroidManifest.xml:20:5-81
27-->src\main\AndroidManifest.xml:20:22-78
28
29    <!-- Notification permissions -->
30    <uses-permission android:name="android.permission.POST_NOTIFICATIONS" />
30-->src\main\AndroidManifest.xml:23:5-77
30-->src\main\AndroidManifest.xml:23:22-74
31
32    <!-- Hardware features - camera is optional -->
33    <uses-feature
33-->src\main\AndroidManifest.xml:26:5-85
34        android:name="android.hardware.camera"
34-->src\main\AndroidManifest.xml:26:19-57
35        android:required="false" />
35-->src\main\AndroidManifest.xml:26:58-82
36    <uses-feature
36-->src\main\AndroidManifest.xml:27:5-95
37        android:name="android.hardware.camera.autofocus"
37-->src\main\AndroidManifest.xml:27:19-67
38        android:required="false" />
38-->src\main\AndroidManifest.xml:27:68-92
39    <uses-feature
39-->src\main\AndroidManifest.xml:28:5-87
40        android:name="android.hardware.location"
40-->src\main\AndroidManifest.xml:28:19-59
41        android:required="false" />
41-->src\main\AndroidManifest.xml:28:60-84
42    <uses-feature
42-->src\main\AndroidManifest.xml:29:5-91
43        android:name="android.hardware.location.gps"
43-->src\main\AndroidManifest.xml:29:19-63
44        android:required="false" />
44-->src\main\AndroidManifest.xml:29:64-88
45
46    <permission
46-->[androidx.core:core:1.12.0] AndroidManifest.xml:22:5-24:47
47        android:name="com.eventapp.webview.DYNAMIC_RECEIVER_NOT_EXPORTED_PERMISSION"
47-->[androidx.core:core:1.12.0] AndroidManifest.xml:23:9-81
48        android:protectionLevel="signature" />
48-->[androidx.core:core:1.12.0] AndroidManifest.xml:24:9-44
49
50    <uses-permission android:name="com.eventapp.webview.DYNAMIC_RECEIVER_NOT_EXPORTED_PERMISSION" />
50-->[androidx.core:core:1.12.0] AndroidManifest.xml:26:5-97
50-->[androidx.core:core:1.12.0] AndroidManifest.xml:26:22-94
51
52    <application
52-->src\main\AndroidManifest.xml:31:5-74:19
53        android:allowBackup="true"
53-->src\main\AndroidManifest.xml:32:9-35
54        android:appComponentFactory="androidx.core.app.CoreComponentFactory"
54-->[androidx.core:core:1.12.0] AndroidManifest.xml:28:18-86
55        android:dataExtractionRules="@xml/data_extraction_rules"
55-->src\main\AndroidManifest.xml:33:9-65
56        android:debuggable="true"
57        android:extractNativeLibs="false"
58        android:fullBackupContent="@xml/backup_rules"
58-->src\main\AndroidManifest.xml:34:9-54
59        android:icon="@mipmap/ic_launcher"
59-->src\main\AndroidManifest.xml:35:9-43
60        android:label="@string/app_name"
60-->src\main\AndroidManifest.xml:36:9-41
61        android:networkSecurityConfig="@xml/network_security_config"
61-->src\main\AndroidManifest.xml:41:9-69
62        android:roundIcon="@mipmap/ic_launcher_round"
62-->src\main\AndroidManifest.xml:37:9-54
63        android:supportsRtl="true"
63-->src\main\AndroidManifest.xml:38:9-35
64        android:testOnly="true"
65        android:theme="@style/Theme.EventAppWebView"
65-->src\main\AndroidManifest.xml:39:9-53
66        android:usesCleartextTraffic="true" >
66-->src\main\AndroidManifest.xml:40:9-44
67        <activity
67-->src\main\AndroidManifest.xml:44:9-56:20
68            android:name="com.eventapp.webview.MainActivity"
68-->src\main\AndroidManifest.xml:45:13-41
69            android:configChanges="orientation|screenSize|keyboardHidden"
69-->src\main\AndroidManifest.xml:51:13-74
70            android:exported="true"
70-->src\main\AndroidManifest.xml:46:13-36
71            android:launchMode="singleTop"
71-->src\main\AndroidManifest.xml:47:13-43
72            android:screenOrientation="portrait"
72-->src\main\AndroidManifest.xml:48:13-49
73            android:theme="@style/Theme.EventAppWebView"
73-->src\main\AndroidManifest.xml:49:13-57
74            android:windowSoftInputMode="adjustResize" >
74-->src\main\AndroidManifest.xml:50:13-55
75            <intent-filter>
75-->src\main\AndroidManifest.xml:52:13-55:29
76                <action android:name="android.intent.action.MAIN" />
76-->src\main\AndroidManifest.xml:53:17-69
76-->src\main\AndroidManifest.xml:53:25-66
77
78                <category android:name="android.intent.category.LAUNCHER" />
78-->src\main\AndroidManifest.xml:54:17-77
78-->src\main\AndroidManifest.xml:54:27-74
79            </intent-filter>
80        </activity>
81
82        <!-- WebView service for background tasks -->
83        <service
83-->src\main\AndroidManifest.xml:59:9-62:40
84            android:name="com.eventapp.webview.WebViewService"
84-->src\main\AndroidManifest.xml:60:13-43
85            android:enabled="true"
85-->src\main\AndroidManifest.xml:61:13-35
86            android:exported="false" />
86-->src\main\AndroidManifest.xml:62:13-37
87
88        <!-- File provider for file sharing -->
89        <provider
90            android:name="androidx.core.content.FileProvider"
90-->src\main\AndroidManifest.xml:66:13-62
91            android:authorities="com.eventapp.webview.fileprovider"
91-->src\main\AndroidManifest.xml:67:13-64
92            android:exported="false"
92-->src\main\AndroidManifest.xml:68:13-37
93            android:grantUriPermissions="true" >
93-->src\main\AndroidManifest.xml:69:13-47
94            <meta-data
94-->src\main\AndroidManifest.xml:70:13-72:54
95                android:name="android.support.FILE_PROVIDER_PATHS"
95-->src\main\AndroidManifest.xml:71:17-67
96                android:resource="@xml/file_paths" />
96-->src\main\AndroidManifest.xml:72:17-51
97        </provider>
98        <provider
98-->[androidx.emoji2:emoji2:1.2.0] AndroidManifest.xml:24:9-32:20
99            android:name="androidx.startup.InitializationProvider"
99-->[androidx.emoji2:emoji2:1.2.0] AndroidManifest.xml:25:13-67
100            android:authorities="com.eventapp.webview.androidx-startup"
100-->[androidx.emoji2:emoji2:1.2.0] AndroidManifest.xml:26:13-68
101            android:exported="false" >
101-->[androidx.emoji2:emoji2:1.2.0] AndroidManifest.xml:27:13-37
102            <meta-data
102-->[androidx.emoji2:emoji2:1.2.0] AndroidManifest.xml:29:13-31:52
103                android:name="androidx.emoji2.text.EmojiCompatInitializer"
103-->[androidx.emoji2:emoji2:1.2.0] AndroidManifest.xml:30:17-75
104                android:value="androidx.startup" />
104-->[androidx.emoji2:emoji2:1.2.0] AndroidManifest.xml:31:17-49
105            <meta-data
105-->[androidx.lifecycle:lifecycle-process:2.6.1] AndroidManifest.xml:29:13-31:52
106                android:name="androidx.lifecycle.ProcessLifecycleInitializer"
106-->[androidx.lifecycle:lifecycle-process:2.6.1] AndroidManifest.xml:30:17-78
107                android:value="androidx.startup" />
107-->[androidx.lifecycle:lifecycle-process:2.6.1] AndroidManifest.xml:31:17-49
108            <meta-data
108-->[androidx.profileinstaller:profileinstaller:1.3.0] AndroidManifest.xml:29:13-31:52
109                android:name="androidx.profileinstaller.ProfileInstallerInitializer"
109-->[androidx.profileinstaller:profileinstaller:1.3.0] AndroidManifest.xml:30:17-85
110                android:value="androidx.startup" />
110-->[androidx.profileinstaller:profileinstaller:1.3.0] AndroidManifest.xml:31:17-49
111        </provider>
112
113        <receiver
113-->[androidx.profileinstaller:profileinstaller:1.3.0] AndroidManifest.xml:34:9-52:20
114            android:name="androidx.profileinstaller.ProfileInstallReceiver"
114-->[androidx.profileinstaller:profileinstaller:1.3.0] AndroidManifest.xml:35:13-76
115            android:directBootAware="false"
115-->[androidx.profileinstaller:profileinstaller:1.3.0] AndroidManifest.xml:36:13-44
116            android:enabled="true"
116-->[androidx.profileinstaller:profileinstaller:1.3.0] AndroidManifest.xml:37:13-35
117            android:exported="true"
117-->[androidx.profileinstaller:profileinstaller:1.3.0] AndroidManifest.xml:38:13-36
118            android:permission="android.permission.DUMP" >
118-->[androidx.profileinstaller:profileinstaller:1.3.0] AndroidManifest.xml:39:13-57
119            <intent-filter>
119-->[androidx.profileinstaller:profileinstaller:1.3.0] AndroidManifest.xml:40:13-42:29
120                <action android:name="androidx.profileinstaller.action.INSTALL_PROFILE" />
120-->[androidx.profileinstaller:profileinstaller:1.3.0] AndroidManifest.xml:41:17-91
120-->[androidx.profileinstaller:profileinstaller:1.3.0] AndroidManifest.xml:41:25-88
121            </intent-filter>
122            <intent-filter>
122-->[androidx.profileinstaller:profileinstaller:1.3.0] AndroidManifest.xml:43:13-45:29
123                <action android:name="androidx.profileinstaller.action.SKIP_FILE" />
123-->[androidx.profileinstaller:profileinstaller:1.3.0] AndroidManifest.xml:44:17-85
123-->[androidx.profileinstaller:profileinstaller:1.3.0] AndroidManifest.xml:44:25-82
124            </intent-filter>
125            <intent-filter>
125-->[androidx.profileinstaller:profileinstaller:1.3.0] AndroidManifest.xml:46:13-48:29
126                <action android:name="androidx.profileinstaller.action.SAVE_PROFILE" />
126-->[androidx.profileinstaller:profileinstaller:1.3.0] AndroidManifest.xml:47:17-88
126-->[androidx.profileinstaller:profileinstaller:1.3.0] AndroidManifest.xml:47:25-85
127            </intent-filter>
128            <intent-filter>
128-->[androidx.profileinstaller:profileinstaller:1.3.0] AndroidManifest.xml:49:13-51:29
129                <action android:name="androidx.profileinstaller.action.BENCHMARK_OPERATION" />
129-->[androidx.profileinstaller:profileinstaller:1.3.0] AndroidManifest.xml:50:17-95
129-->[androidx.profileinstaller:profileinstaller:1.3.0] AndroidManifest.xml:50:25-92
130            </intent-filter>
131        </receiver>
132    </application>
133
134</manifest>